[35m[1mScanning dependencies of target three_dof_planar_manipulator_arm_moveit_ikfast_plugin[0m
[ 50%] [32mBuilding CXX object CMakeFiles/three_dof_planar_manipulator_arm_moveit_ikfast_plugin.dir/src/three_dof_planar_manipulator_arm_ikfast_moveit_plugin.cpp.o[0m
[01m[K/home/junior/my_ws1/src/3-DOF_Manipulator/three_dof_planar_manipulator_ikfast_arm_plugin/src/three_dof_planar_manipulator_arm_ikfast_moveit_plugin.cpp:[m[K In member function ‘[01m[Kvirtual bool ikfast_kinematics_plugin::IKFastKinematicsPlugin::initialize(const string&, const string&, const string&, const string&, double)[m[K’:
[01m[K/home/junior/my_ws1/src/3-DOF_Manipulator/three_dof_planar_manipulator_ikfast_arm_plugin/src/three_dof_planar_manipulator_arm_ikfast_moveit_plugin.cpp:343:86:[m[K [01;35m[Kwarning: [m[K‘[01m[Kvirtual void kinematics::KinematicsBase::setValues(const string&, const string&, const string&, const string&, double)[m[K’ is deprecated [[01;35m[K-Wdeprecated-declarations[m[K]
  343 |   setValues(robot_description, group_name, base_name, tip_name, search_discretization[01;35m[K)[m[K;
      |                                                                                      [01;35m[K^[m[K
In file included from [01m[K/home/junior/my_ws1/src/3-DOF_Manipulator/three_dof_planar_manipulator_ikfast_arm_plugin/src/three_dof_planar_manipulator_arm_ikfast_moveit_plugin.cpp:50[m[K:
[01m[K/home/junior/my_ws1/src/moveit/moveit_core/kinematics_base/include/moveit/kinematics_base/kinematics_base.h:345:31:[m[K [01;36m[Knote: [m[Kdeclared here
  345 |   [[deprecated]] virtual void [01;36m[KsetValues[m[K(const std::string& robot_description, const std::string& group_name,
      |                               [01;36m[K^~~~~~~~~[m[K
[01m[K/home/junior/my_ws1/src/3-DOF_Manipulator/three_dof_planar_manipulator_ikfast_arm_plugin/src/three_dof_planar_manipulator_arm_ikfast_moveit_plugin.cpp:[m[K In member function ‘[01m[Kvirtual bool ikfast_kinematics_plugin::IKFastKinematicsPlugin::searchPositionIK(const Pose&, const std::vector<double>&, double, const std::vector<double>&, std::vector<double>&, const IKCallbackFn&, moveit_msgs::MoveItErrorCodes&, const kinematics::KinematicsQueryOptions&) const[m[K’:
[01m[K/home/junior/my_ws1/src/3-DOF_Manipulator/three_dof_planar_manipulator_ikfast_arm_plugin/src/three_dof_planar_manipulator_arm_ikfast_moveit_plugin.cpp:980:67:[m[K [01;35m[Kwarning: [m[K‘[01m[Kkinematics::KinematicsBase::search_discretization_[m[K’ is deprecated [[01;35m[K-Wdeprecated-declarations[m[K]
  980 |     num_positive_increments = (int)((max_limit - initial_guess) / [01;35m[Ksearch_discretization_[m[K);
      |                                                                   [01;35m[K^~~~~~~~~~~~~~~~~~~~~~[m[K
In file included from [01m[K/home/junior/my_ws1/src/3-DOF_Manipulator/three_dof_planar_manipulator_ikfast_arm_plugin/src/three_dof_planar_manipulator_arm_ikfast_moveit_plugin.cpp:50[m[K:
[01m[K/home/junior/my_ws1/src/moveit/moveit_core/kinematics_base/include/moveit/kinematics_base/kinematics_base.h:598:25:[m[K [01;36m[Knote: [m[Kdeclared here
  598 |   [[deprecated]] double [01;36m[Ksearch_discretization_[m[K;
      |                         [01;36m[K^~~~~~~~~~~~~~~~~~~~~~[m[K
[01m[K/home/junior/my_ws1/src/3-DOF_Manipulator/three_dof_planar_manipulator_ikfast_arm_plugin/src/three_dof_planar_manipulator_arm_ikfast_moveit_plugin.cpp:980:67:[m[K [01;35m[Kwarning: [m[K‘[01m[Kkinematics::KinematicsBase::search_discretization_[m[K’ is deprecated [[01;35m[K-Wdeprecated-declarations[m[K]
  980 |     num_positive_increments = (int)((max_limit - initial_guess) / [01;35m[Ksearch_discretization_[m[K);
      |                                                                   [01;35m[K^~~~~~~~~~~~~~~~~~~~~~[m[K
In file included from [01m[K/home/junior/my_ws1/src/3-DOF_Manipulator/three_dof_planar_manipulator_ikfast_arm_plugin/src/three_dof_planar_manipulator_arm_ikfast_moveit_plugin.cpp:50[m[K:
[01m[K/home/junior/my_ws1/src/moveit/moveit_core/kinematics_base/include/moveit/kinematics_base/kinematics_base.h:598:25:[m[K [01;36m[Knote: [m[Kdeclared here
  598 |   [[deprecated]] double [01;36m[Ksearch_discretization_[m[K;
      |                         [01;36m[K^~~~~~~~~~~~~~~~~~~~~~[m[K
[01m[K/home/junior/my_ws1/src/3-DOF_Manipulator/three_dof_planar_manipulator_ikfast_arm_plugin/src/three_dof_planar_manipulator_arm_ikfast_moveit_plugin.cpp:981:67:[m[K [01;35m[Kwarning: [m[K‘[01m[Kkinematics::KinematicsBase::search_discretization_[m[K’ is deprecated [[01;35m[K-Wdeprecated-declarations[m[K]
  981 |     num_negative_increments = (int)((initial_guess - min_limit) / [01;35m[Ksearch_discretization_[m[K);
      |                                                                   [01;35m[K^~~~~~~~~~~~~~~~~~~~~~[m[K
In file included from [01m[K/home/junior/my_ws1/src/3-DOF_Manipulator/three_dof_planar_manipulator_ikfast_arm_plugin/src/three_dof_planar_manipulator_arm_ikfast_moveit_plugin.cpp:50[m[K:
[01m[K/home/junior/my_ws1/src/moveit/moveit_core/kinematics_base/include/moveit/kinematics_base/kinematics_base.h:598:25:[m[K [01;36m[Knote: [m[Kdeclared here
  598 |   [[deprecated]] double [01;36m[Ksearch_discretization_[m[K;
      |                         [01;36m[K^~~~~~~~~~~~~~~~~~~~~~[m[K
[01m[K/home/junior/my_ws1/src/3-DOF_Manipulator/three_dof_planar_manipulator_ikfast_arm_plugin/src/three_dof_planar_manipulator_arm_ikfast_moveit_plugin.cpp:981:67:[m[K [01;35m[Kwarning: [m[K‘[01m[Kkinematics::KinematicsBase::search_discretization_[m[K’ is deprecated [[01;35m[K-Wdeprecated-declarations[m[K]
  981 |     num_negative_increments = (int)((initial_guess - min_limit) / [01;35m[Ksearch_discretization_[m[K);
      |                                                                   [01;35m[K^~~~~~~~~~~~~~~~~~~~~~[m[K
In file included from [01m[K/home/junior/my_ws1/src/3-DOF_Manipulator/three_dof_planar_manipulator_ikfast_arm_plugin/src/three_dof_planar_manipulator_arm_ikfast_moveit_plugin.cpp:50[m[K:
[01m[K/home/junior/my_ws1/src/moveit/moveit_core/kinematics_base/include/moveit/kinematics_base/kinematics_base.h:598:25:[m[K [01;36m[Knote: [m[Kdeclared here
  598 |   [[deprecated]] double [01;36m[Ksearch_discretization_[m[K;
      |                         [01;36m[K^~~~~~~~~~~~~~~~~~~~~~[m[K
[01m[K/home/junior/my_ws1/src/3-DOF_Manipulator/three_dof_planar_manipulator_ikfast_arm_plugin/src/three_dof_planar_manipulator_arm_ikfast_moveit_plugin.cpp:985:86:[m[K [01;35m[Kwarning: [m[K‘[01m[Kkinematics::KinematicsBase::search_discretization_[m[K’ is deprecated [[01;35m[K-Wdeprecated-declarations[m[K]
  985 |     num_positive_increments = (joint_max_vector_[free_params_[0]] - initial_guess) / [01;35m[Ksearch_discretization_[m[K;
      |                                                                                      [01;35m[K^~~~~~~~~~~~~~~~~~~~~~[m[K
In file included from [01m[K/home/junior/my_ws1/src/3-DOF_Manipulator/three_dof_planar_manipulator_ikfast_arm_plugin/src/three_dof_planar_manipulator_arm_ikfast_moveit_plugin.cpp:50[m[K:
[01m[K/home/junior/my_ws1/src/moveit/moveit_core/kinematics_base/include/moveit/kinematics_base/kinematics_base.h:598:25:[m[K [01;36m[Knote: [m[Kdeclared here
  598 |   [[deprecated]] double [01;36m[Ksearch_discretization_[m[K;
      |                         [01;36m[K^~~~~~~~~~~~~~~~~~~~~~[m[K
[01m[K/home/junior/my_ws1/src/3-DOF_Manipulator/three_dof_planar_manipulator_ikfast_arm_plugin/src/three_dof_planar_manipulator_arm_ikfast_moveit_plugin.cpp:985:86:[m[K [01;35m[Kwarning: [m[K‘[01m[Kkinematics::KinematicsBase::search_discretization_[m[K’ is deprecated [[01;35m[K-Wdeprecated-declarations[m[K]
  985 |     num_positive_increments = (joint_max_vector_[free_params_[0]] - initial_guess) / [01;35m[Ksearch_discretization_[m[K;
      |                                                                                      [01;35m[K^~~~~~~~~~~~~~~~~~~~~~[m[K
In file included from [01m[K/home/junior/my_ws1/src/3-DOF_Manipulator/three_dof_planar_manipulator_ikfast_arm_plugin/src/three_dof_planar_manipulator_arm_ikfast_moveit_plugin.cpp:50[m[K:
[01m[K/home/junior/my_ws1/src/moveit/moveit_core/kinematics_base/include/moveit/kinematics_base/kinematics_base.h:598:25:[m[K [01;36m[Knote: [m[Kdeclared here
  598 |   [[deprecated]] double [01;36m[Ksearch_discretization_[m[K;
      |                         [01;36m[K^~~~~~~~~~~~~~~~~~~~~~[m[K
[01m[K/home/junior/my_ws1/src/3-DOF_Manipulator/three_dof_planar_manipulator_ikfast_arm_plugin/src/three_dof_planar_manipulator_arm_ikfast_moveit_plugin.cpp:986:86:[m[K [01;35m[Kwarning: [m[K‘[01m[Kkinematics::KinematicsBase::search_discretization_[m[K’ is deprecated [[01;35m[K-Wdeprecated-declarations[m[K]
  986 |     num_negative_increments = (initial_guess - joint_min_vector_[free_params_[0]]) / [01;35m[Ksearch_discretization_[m[K;
      |                                                                                      [01;35m[K^~~~~~~~~~~~~~~~~~~~~~[m[K
In file included from [01m[K/home/junior/my_ws1/src/3-DOF_Manipulator/three_dof_planar_manipulator_ikfast_arm_plugin/src/three_dof_planar_manipulator_arm_ikfast_moveit_plugin.cpp:50[m[K:
[01m[K/home/junior/my_ws1/src/moveit/moveit_core/kinematics_base/include/moveit/kinematics_base/kinematics_base.h:598:25:[m[K [01;36m[Knote: [m[Kdeclared here
  598 |   [[deprecated]] double [01;36m[Ksearch_discretization_[m[K;
      |                         [01;36m[K^~~~~~~~~~~~~~~~~~~~~~[m[K
[01m[K/home/junior/my_ws1/src/3-DOF_Manipulator/three_dof_planar_manipulator_ikfast_arm_plugin/src/three_dof_planar_manipulator_arm_ikfast_moveit_plugin.cpp:986:86:[m[K [01;35m[Kwarning: [m[K‘[01m[Kkinematics::KinematicsBase::search_discretization_[m[K’ is deprecated [[01;35m[K-Wdeprecated-declarations[m[K]
  986 |     num_negative_increments = (initial_guess - joint_min_vector_[free_params_[0]]) / [01;35m[Ksearch_discretization_[m[K;
      |                                                                                      [01;35m[K^~~~~~~~~~~~~~~~~~~~~~[m[K
In file included from [01m[K/home/junior/my_ws1/src/3-DOF_Manipulator/three_dof_planar_manipulator_ikfast_arm_plugin/src/three_dof_planar_manipulator_arm_ikfast_moveit_plugin.cpp:50[m[K:
[01m[K/home/junior/my_ws1/src/moveit/moveit_core/kinematics_base/include/moveit/kinematics_base/kinematics_base.h:598:25:[m[K [01;36m[Knote: [m[Kdeclared here
  598 |   [[deprecated]] double [01;36m[Ksearch_discretization_[m[K;
      |                         [01;36m[K^~~~~~~~~~~~~~~~~~~~~~[m[K
[01m[K/home/junior/my_ws1/src/3-DOF_Manipulator/three_dof_planar_manipulator_ikfast_arm_plugin/src/three_dof_planar_manipulator_arm_ikfast_moveit_plugin.cpp:1078:32:[m[K [01;35m[Kwarning: [m[K‘[01m[Kkinematics::KinematicsBase::search_discretization_[m[K’ is deprecated [[01;35m[K-Wdeprecated-declarations[m[K]
 1078 |     vfree[0] = initial_guess + [01;35m[Ksearch_discretization_[m[K * counter;
      |                                [01;35m[K^~~~~~~~~~~~~~~~~~~~~~[m[K
In file included from [01m[K/home/junior/my_ws1/src/3-DOF_Manipulator/three_dof_planar_manipulator_ikfast_arm_plugin/src/three_dof_planar_manipulator_arm_ikfast_moveit_plugin.cpp:50[m[K:
[01m[K/home/junior/my_ws1/src/moveit/moveit_core/kinematics_base/include/moveit/kinematics_base/kinematics_base.h:598:25:[m[K [01;36m[Knote: [m[Kdeclared here
  598 |   [[deprecated]] double [01;36m[Ksearch_discretization_[m[K;
      |                         [01;36m[K^~~~~~~~~~~~~~~~~~~~~~[m[K
[01m[K/home/junior/my_ws1/src/3-DOF_Manipulator/three_dof_planar_manipulator_ikfast_arm_plugin/src/three_dof_planar_manipulator_arm_ikfast_moveit_plugin.cpp:1078:32:[m[K [01;35m[Kwarning: [m[K‘[01m[Kkinematics::KinematicsBase::search_discretization_[m[K’ is deprecated [[01;35m[K-Wdeprecated-declarations[m[K]
 1078 |     vfree[0] = initial_guess + [01;35m[Ksearch_discretization_[m[K * counter;
      |                                [01;35m[K^~~~~~~~~~~~~~~~~~~~~~[m[K
In file included from [01m[K/home/junior/my_ws1/src/3-DOF_Manipulator/three_dof_planar_manipulator_ikfast_arm_plugin/src/three_dof_planar_manipulator_arm_ikfast_moveit_plugin.cpp:50[m[K:
[01m[K/home/junior/my_ws1/src/moveit/moveit_core/kinematics_base/include/moveit/kinematics_base/kinematics_base.h:598:25:[m[K [01;36m[Knote: [m[Kdeclared here
  598 |   [[deprecated]] double [01;36m[Ksearch_discretization_[m[K;
      |                         [01;36m[K^~~~~~~~~~~~~~~~~~~~~~[m[K
[100%] [32m[1mLinking CXX shared library /home/junior/my_ws1/devel/.private/three_dof_planar_manipulator_ikfast_arm_plugin/lib/libthree_dof_planar_manipulator_arm_moveit_ikfast_plugin.so[0m
[100%] Built target three_dof_planar_manipulator_arm_moveit_ikfast_plugin
