Performing C SOURCE FILE Test CMAKE_HAVE_LIBC_PTHREAD failed with the following output:
Change Dir: /home/junior/my_ws1/build/three_dof_planar_manipulator_ikfast_arm_plugin/CMakeFiles/CMakeTmp

Run Build Command(s):/usr/bin/make cmTC_a6987/fast && /usr/bin/make -f CMakeFiles/cmTC_a6987.dir/build.make CMakeFiles/cmTC_a6987.dir/build
make[1]: se entra en el directorio '/home/junior/my_ws1/build/three_dof_planar_manipulator_ikfast_arm_plugin/CMakeFiles/CMakeTmp'
Building C object CMakeFiles/cmTC_a6987.dir/src.c.o
/usr/bin/cc   -DCMAKE_HAVE_LIBC_PTHREAD   -o CMakeFiles/cmTC_a6987.dir/src.c.o   -c /home/junior/my_ws1/build/three_dof_planar_manipulator_ikfast_arm_plugin/CMakeFiles/CMakeTmp/src.c
Linking C executable cmTC_a6987
/usr/bin/cmake -E cmake_link_script CMakeFiles/cmTC_a6987.dir/link.txt --verbose=1
/usr/bin/cc  -DCMAKE_HAVE_LIBC_PTHREAD    -rdynamic CMakeFiles/cmTC_a6987.dir/src.c.o  -o cmTC_a6987 
/usr/bin/ld: CMakeFiles/cmTC_a6987.dir/src.c.o: en la función `main':
src.c:(.text+0x46): referencia a `pthread_create' sin definir
/usr/bin/ld: src.c:(.text+0x52): referencia a `pthread_detach' sin definir
/usr/bin/ld: src.c:(.text+0x63): referencia a `pthread_join' sin definir
collect2: error: ld returned 1 exit status
make[1]: *** [CMakeFiles/cmTC_a6987.dir/build.make:87: cmTC_a6987] Error 1
make[1]: se sale del directorio '/home/junior/my_ws1/build/three_dof_planar_manipulator_ikfast_arm_plugin/CMakeFiles/CMakeTmp'
make: *** [Makefile:121: cmTC_a6987/fast] Error 2


Source file was:
#include <pthread.h>

void* test_func(void* data)
{
  return data;
}

int main(void)
{
  pthread_t thread;
  pthread_create(&thread, NULL, test_func, NULL);
  pthread_detach(thread);
  pthread_join(thread, NULL);
  pthread_atfork(NULL, NULL, NULL);
  pthread_exit(NULL);

  return 0;
}

Determining if the function pthread_create exists in the pthreads failed with the following output:
Change Dir: /home/junior/my_ws1/build/three_dof_planar_manipulator_ikfast_arm_plugin/CMakeFiles/CMakeTmp

Run Build Command(s):/usr/bin/make cmTC_97c24/fast && /usr/bin/make -f CMakeFiles/cmTC_97c24.dir/build.make CMakeFiles/cmTC_97c24.dir/build
make[1]: se entra en el directorio '/home/junior/my_ws1/build/three_dof_planar_manipulator_ikfast_arm_plugin/CMakeFiles/CMakeTmp'
Building C object CMakeFiles/cmTC_97c24.dir/CheckFunctionExists.c.o
/usr/bin/cc   -DCHECK_FUNCTION_EXISTS=pthread_create   -o CMakeFiles/cmTC_97c24.dir/CheckFunctionExists.c.o   -c /usr/share/cmake-3.16/Modules/CheckFunctionExists.c
Linking C executable cmTC_97c24
/usr/bin/cmake -E cmake_link_script CMakeFiles/cmTC_97c24.dir/link.txt --verbose=1
/usr/bin/cc  -DCHECK_FUNCTION_EXISTS=pthread_create    -rdynamic CMakeFiles/cmTC_97c24.dir/CheckFunctionExists.c.o  -o cmTC_97c24  -lpthreads 
/usr/bin/ld: no se puede encontrar -lpthreads
collect2: error: ld returned 1 exit status
make[1]: *** [CMakeFiles/cmTC_97c24.dir/build.make:87: cmTC_97c24] Error 1
make[1]: se sale del directorio '/home/junior/my_ws1/build/three_dof_planar_manipulator_ikfast_arm_plugin/CMakeFiles/CMakeTmp'
make: *** [Makefile:121: cmTC_97c24/fast] Error 2



Determining if the function sgemm_ exists failed with the following output:
Change Dir: /home/junior/my_ws1/build/three_dof_planar_manipulator_ikfast_arm_plugin/CMakeFiles/CMakeTmp

Run Build Command(s):/usr/bin/make cmTC_17f47/fast && /usr/bin/make -f CMakeFiles/cmTC_17f47.dir/build.make CMakeFiles/cmTC_17f47.dir/build
make[1]: se entra en el directorio '/home/junior/my_ws1/build/three_dof_planar_manipulator_ikfast_arm_plugin/CMakeFiles/CMakeTmp'
Building C object CMakeFiles/cmTC_17f47.dir/CheckFunctionExists.c.o
/usr/bin/cc   -DCHECK_FUNCTION_EXISTS=sgemm_   -o CMakeFiles/cmTC_17f47.dir/CheckFunctionExists.c.o   -c /usr/share/cmake-3.16/Modules/CheckFunctionExists.c
Linking C executable cmTC_17f47
/usr/bin/cmake -E cmake_link_script CMakeFiles/cmTC_17f47.dir/link.txt --verbose=1
/usr/bin/cc  -DCHECK_FUNCTION_EXISTS=sgemm_    -rdynamic CMakeFiles/cmTC_17f47.dir/CheckFunctionExists.c.o  -o cmTC_17f47 
/usr/bin/ld: CMakeFiles/cmTC_17f47.dir/CheckFunctionExists.c.o: en la función `main':
CheckFunctionExists.c:(.text+0x14): referencia a `sgemm_' sin definir
collect2: error: ld returned 1 exit status
make[1]: *** [CMakeFiles/cmTC_17f47.dir/build.make:87: cmTC_17f47] Error 1
make[1]: se sale del directorio '/home/junior/my_ws1/build/three_dof_planar_manipulator_ikfast_arm_plugin/CMakeFiles/CMakeTmp'
make: *** [Makefile:121: cmTC_17f47/fast] Error 2



Determining if the function cheev_ exists failed with the following output:
Change Dir: /home/junior/my_ws1/build/three_dof_planar_manipulator_ikfast_arm_plugin/CMakeFiles/CMakeTmp

Run Build Command(s):/usr/bin/make cmTC_274ec/fast && /usr/bin/make -f CMakeFiles/cmTC_274ec.dir/build.make CMakeFiles/cmTC_274ec.dir/build
make[1]: se entra en el directorio '/home/junior/my_ws1/build/three_dof_planar_manipulator_ikfast_arm_plugin/CMakeFiles/CMakeTmp'
Building C object CMakeFiles/cmTC_274ec.dir/CheckFunctionExists.c.o
/usr/bin/cc   -DCHECK_FUNCTION_EXISTS=cheev_   -o CMakeFiles/cmTC_274ec.dir/CheckFunctionExists.c.o   -c /usr/share/cmake-3.16/Modules/CheckFunctionExists.c
Linking C executable cmTC_274ec
/usr/bin/cmake -E cmake_link_script CMakeFiles/cmTC_274ec.dir/link.txt --verbose=1
/usr/bin/cc  -DCHECK_FUNCTION_EXISTS=cheev_    -rdynamic CMakeFiles/cmTC_274ec.dir/CheckFunctionExists.c.o  -o cmTC_274ec  /usr/lib/x86_64-linux-gnu/libblas.so 
/usr/bin/ld: CMakeFiles/cmTC_274ec.dir/CheckFunctionExists.c.o: en la función `main':
CheckFunctionExists.c:(.text+0x14): referencia a `cheev_' sin definir
collect2: error: ld returned 1 exit status
make[1]: *** [CMakeFiles/cmTC_274ec.dir/build.make:88: cmTC_274ec] Error 1
make[1]: se sale del directorio '/home/junior/my_ws1/build/three_dof_planar_manipulator_ikfast_arm_plugin/CMakeFiles/CMakeTmp'
make: *** [Makefile:121: cmTC_274ec/fast] Error 2



