[  0%] Built target std_msgs_generate_messages_eus
[  0%] Built target std_msgs_generate_messages_py
[  0%] Built target std_msgs_generate_messages_cpp
[  0%] Built target std_msgs_generate_messages_lisp
[  0%] Built target std_msgs_generate_messages_nodejs
[  0%] Built target _three_dof_planar_manipulator_generate_messages_check_deps_Floats_array
[ 22%] [34m[1mGenerating Python code from SRV three_dof_planar_manipulator/Floats_array[0m
[ 22%] [34m[1mGenerating Lisp code from three_dof_planar_manipulator/Floats_array.srv[0m
[ 33%] [34m[1mGenerating EusLisp code from three_dof_planar_manipulator/Floats_array.srv[0m
[ 44%] [34m[1mGenerating Javascript code from three_dof_planar_manipulator/Floats_array.srv[0m
[ 55%] [34m[1mGenerating C++ code from three_dof_planar_manipulator/Floats_array.srv[0m
[ 55%] Built target three_dof_planar_manipulator_generate_messages_lisp
[ 55%] Built target three_dof_planar_manipulator_generate_messages_nodejs
[ 66%] [34m[1mGenerating Python srv __init__.py for three_dof_planar_manipulator[0m
[35m[1mScanning dependencies of target robot_hardware_interface[0m
[ 77%] Built target three_dof_planar_manipulator_generate_messages_eus
[ 88%] [32mBuilding CXX object CMakeFiles/robot_hardware_interface.dir/src/robot_hardware_interface_node.cpp.o[0m
[ 88%] Built target three_dof_planar_manipulator_generate_messages_cpp
[ 88%] Built target three_dof_planar_manipulator_generate_messages_py
[ 88%] Built target three_dof_planar_manipulator_generate_messages
[100%] [32m[1mLinking CXX executable /home/junior/my_ws1/devel/.private/three_dof_planar_manipulator/lib/three_dof_planar_manipulator/robot_hardware_interface[0m
[100%] Built target robot_hardware_interface
