Symlinking /home/junior/my_ws1/devel/include/three_dof_planar_manipulator/Floats_arrayResponse.h
Symlinking /home/junior/my_ws1/devel/include/three_dof_planar_manipulator/Floats_array.h
Symlinking /home/junior/my_ws1/devel/include/three_dof_planar_manipulator/Floats_arrayRequest.h
Symlinking /home/junior/my_ws1/devel/lib/python3/dist-packages/three_dof_planar_manipulator/__init__.py
Symlinking /home/junior/my_ws1/devel/lib/python3/dist-packages/three_dof_planar_manipulator/srv/__init__.py
Symlinking /home/junior/my_ws1/devel/lib/python3/dist-packages/three_dof_planar_manipulator/srv/_Floats_array.py
Symlinking /home/junior/my_ws1/devel/lib/pkgconfig/three_dof_planar_manipulator.pc
Symlinking /home/junior/my_ws1/devel/lib/three_dof_planar_manipulator/robot_hardware_interface
Symlinking /home/junior/my_ws1/devel/share/gennodejs/ros/three_dof_planar_manipulator/_index.js
Symlinking /home/junior/my_ws1/devel/share/gennodejs/ros/three_dof_planar_manipulator/srv/Floats_array.js
Symlinking /home/junior/my_ws1/devel/share/gennodejs/ros/three_dof_planar_manipulator/srv/_index.js
Symlinking /home/junior/my_ws1/devel/share/roseus/ros/three_dof_planar_manipulator/manifest.l
Symlinking /home/junior/my_ws1/devel/share/roseus/ros/three_dof_planar_manipulator/srv/Floats_array.l
Symlinking /home/junior/my_ws1/devel/share/three_dof_planar_manipulator/cmake/three_dof_planar_manipulatorConfig.cmake
Symlinking /home/junior/my_ws1/devel/share/three_dof_planar_manipulator/cmake/three_dof_planar_manipulator-msg-extras.cmake
Symlinking /home/junior/my_ws1/devel/share/three_dof_planar_manipulator/cmake/three_dof_planar_manipulatorConfig-version.cmake
Symlinking /home/junior/my_ws1/devel/share/three_dof_planar_manipulator/cmake/three_dof_planar_manipulator-msg-paths.cmake
Symlinking /home/junior/my_ws1/devel/share/common-lisp/ros/three_dof_planar_manipulator/srv/_package_Floats_array.lisp
Symlinking /home/junior/my_ws1/devel/share/common-lisp/ros/three_dof_planar_manipulator/srv/_package.lisp
Symlinking /home/junior/my_ws1/devel/share/common-lisp/ros/three_dof_planar_manipulator/srv/three_dof_planar_manipulator-srv.asd
Symlinking /home/junior/my_ws1/devel/share/common-lisp/ros/three_dof_planar_manipulator/srv/Floats_array.lisp
